[11:31:06] [Client thread/INFO]: Setting user: Player174
[11:31:15] [Client thread/INFO]: LWJGL Version: 2.9.1
[11:31:28] [Client thread/INFO]: Reloading ResourceManager: Default, FMLFileResourcePack:Forge Mod Loader, FMLFileResourcePack:Minecraft Forge, FMLFileResourcePack:Simple Wands
[11:31:28] [Client thread/WARN]: ResourcePack: ignored non-lowercase namespace: SimpleWands/ in C:\Users\Ry'Nard\Desktop\RensProjects\java\minecraft\mods\Simple-Wands\bin
[11:31:29] [Sound Library Loader/INFO]: Starting up SoundSystem...
[11:31:29] [Thread-9/INFO]: Initializing LWJGL OpenAL
[11:31:29] [Thread-9/INFO]: (The LWJGL binding of OpenAL.  For more information, see http://www.lwjgl.org)
[11:31:30] [Thread-9/INFO]: OpenAL initialized.
[11:31:30] [Sound Library Loader/INFO]: Sound engine started
[11:31:43] [Client thread/INFO]: Created: 16x16 textures-atlas
[11:31:47] [Client thread/INFO]: Reloading ResourceManager: Default, FMLFileResourcePack:Forge Mod Loader, FMLFileResourcePack:Minecraft Forge, FMLFileResourcePack:Simple Wands
[11:31:47] [Client thread/WARN]: ResourcePack: ignored non-lowercase namespace: SimpleWands/ in C:\Users\Ry'Nard\Desktop\RensProjects\java\minecraft\mods\Simple-Wands\bin
[11:31:47] [Client thread/INFO]: SoundSystem shutting down...
[11:31:47] [Client thread/WARN]: Author: Paul Lamb, www.paulscode.com
[11:31:47] [Sound Library Loader/INFO]: Starting up SoundSystem...
[11:31:48] [Thread-11/INFO]: Initializing LWJGL OpenAL
[11:31:48] [Thread-11/INFO]: (The LWJGL binding of OpenAL.  For more information, see http://www.lwjgl.org)
[11:31:48] [Thread-11/INFO]: OpenAL initialized.
[11:31:48] [Sound Library Loader/INFO]: Sound engine started
[11:32:01] [Client thread/INFO]: Created: 512x512 textures-atlas
[11:32:13] [Server thread/INFO]: Starting integrated minecraft server version 1.8
[11:32:13] [Server thread/INFO]: Generating keypair
[11:32:14] [Server thread/INFO]: Preparing start region for level 0
[11:32:15] [Server thread/INFO]: Preparing spawn area: 2%
[11:32:16] [Server thread/INFO]: Preparing spawn area: 61%
[11:32:18] [Server thread/INFO]: Changing view distance to 6, from 10
[11:32:21] [Server thread/INFO]: Player174[local:E:e8443001] logged in with entity id 228 at (-41.6479921876184, 68.0, 243.10837848996223)
[11:32:21] [Server thread/INFO]: Player174 joined the game
[11:32:24] [pool-2-thread-1/WARN]: Couldn't look up profile properties for com.mojang.authlib.GameProfile@1f8825a[id=dbac8158-8d79-3f57-906a-4939f5c379cd,name=Player174,properties={},legacy=false]
com.mojang.authlib.exceptions.AuthenticationException: The client has sent too many requests within a certain amount of time
	at com.mojang.authlib.yggdrasil.YggdrasilAuthenticationService.makeRequest(YggdrasilAuthenticationService.java:65) ~[YggdrasilAuthenticationService.class:?]
	at com.mojang.authlib.yggdrasil.YggdrasilMinecraftSessionService.fillGameProfile(YggdrasilMinecraftSessionService.java:158) [YggdrasilMinecraftSessionService.class:?]
	at com.mojang.authlib.yggdrasil.YggdrasilMinecraftSessionService$1.load(YggdrasilMinecraftSessionService.java:53) [YggdrasilMinecraftSessionService$1.class:?]
	at com.mojang.authlib.yggdrasil.YggdrasilMinecraftSessionService$1.load(YggdrasilMinecraftSessionService.java:50) [YggdrasilMinecraftSessionService$1.class:?]
	at com.google.common.cache.LocalCache$LoadingValueReference.loadFuture(LocalCache.java:3524) [guava-17.0.jar:?]
	at com.google.common.cache.LocalCache$Segment.loadSync(LocalCache.java:2317) [guava-17.0.jar:?]
	at com.google.common.cache.LocalCache$Segment.lockedGetOrLoad(LocalCache.java:2280) [guava-17.0.jar:?]
	at com.google.common.cache.LocalCache$Segment.get(LocalCache.java:2195) [guava-17.0.jar:?]
	at com.google.common.cache.LocalCache.get(LocalCache.java:3934) [guava-17.0.jar:?]
	at com.google.common.cache.LocalCache.getOrLoad(LocalCache.java:3938) [guava-17.0.jar:?]
	at com.google.common.cache.LocalCache$LocalLoadingCache.get(LocalCache.java:4821) [guava-17.0.jar:?]
	at com.google.common.cache.LocalCache$LocalLoadingCache.getUnchecked(LocalCache.java:4827) [guava-17.0.jar:?]
	at com.mojang.authlib.yggdrasil.YggdrasilMinecraftSessionService.fillProfileProperties(YggdrasilMinecraftSessionService.java:148) [YggdrasilMinecraftSessionService.class:?]
	at net.minecraft.client.resources.SkinManager$3.run(SkinManager.java:138) [SkinManager$3.class:?]
	at java.util.concurrent.Executors$RunnableAdapter.call(Unknown Source) [?:1.8.0_51]
	at java.util.concurrent.FutureTask.run(Unknown Source) [?:1.8.0_51]
	at java.util.concurrent.ThreadPoolExecutor.runWorker(Unknown Source) [?:1.8.0_51]
	at java.util.concurrent.ThreadPoolExecutor$Worker.run(Unknown Source) [?:1.8.0_51]
	at java.lang.Thread.run(Unknown Source) [?:1.8.0_51]
[11:32:41] [Server thread/INFO]: Saving and pausing game...
[11:32:42] [Server thread/INFO]: Saving chunks for level 'New World'/Overworld
[11:32:42] [Server thread/INFO]: Saving chunks for level 'New World'/Nether
[11:32:42] [Server thread/INFO]: Saving chunks for level 'New World'/The End
