[14:34:28] [Client thread/INFO]: Setting user: Player549
[14:34:37] [Client thread/INFO]: LWJGL Version: 2.9.1
[14:34:51] [Client thread/INFO]: Reloading ResourceManager: Default, FMLFileResourcePack:Forge Mod Loader, FMLFileResourcePack:Minecraft Forge, FMLFileResourcePack:Simple Wands
[14:34:53] [Sound Library Loader/INFO]: Starting up SoundSystem...
[14:34:53] [Thread-9/INFO]: Initializing LWJGL OpenAL
[14:34:53] [Thread-9/INFO]: (The LWJGL binding of OpenAL.  For more information, see http://www.lwjgl.org)
[14:34:53] [Thread-9/INFO]: OpenAL initialized.
[14:34:53] [Sound Library Loader/INFO]: Sound engine started
[14:35:09] [Client thread/INFO]: Created: 16x16 textures-atlas
[14:35:13] [Client thread/INFO]: Reloading ResourceManager: Default, FMLFileResourcePack:Forge Mod Loader, FMLFileResourcePack:Minecraft Forge, FMLFileResourcePack:Simple Wands
[14:35:13] [Client thread/INFO]: SoundSystem shutting down...
[14:35:14] [Client thread/WARN]: Author: Paul Lamb, www.paulscode.com
[14:35:14] [Sound Library Loader/INFO]: Starting up SoundSystem...
[14:35:14] [Thread-11/INFO]: Initializing LWJGL OpenAL
[14:35:14] [Thread-11/INFO]: (The LWJGL binding of OpenAL.  For more information, see http://www.lwjgl.org)
[14:35:14] [Thread-11/INFO]: OpenAL initialized.
[14:35:14] [Sound Library Loader/INFO]: Sound engine started
[14:35:29] [Client thread/INFO]: Created: 512x512 textures-atlas
[14:38:23] [Server thread/INFO]: Starting integrated minecraft server version 1.8
[14:38:23] [Server thread/INFO]: Generating keypair
[14:38:25] [Server thread/INFO]: Preparing start region for level 0
[14:38:26] [Server thread/INFO]: Preparing spawn area: 2%
[14:38:27] [Server thread/INFO]: Preparing spawn area: 63%
[14:38:28] [Server thread/INFO]: Changing view distance to 6, from 10
[14:38:32] [Server thread/INFO]: Player549[local:E:bf06d7fa] logged in with entity id 146 at (-54.92796262107584, 68.0, 226.34145843102527)
[14:38:32] [Server thread/INFO]: Player549 joined the game
[14:38:35] [pool-2-thread-1/WARN]: Couldn't look up profile properties for com.mojang.authlib.GameProfile@39198a86[id=3155dd2a-f684-3928-a1f6-f0dff831507f,name=Player549,properties={},legacy=false]
com.mojang.authlib.exceptions.AuthenticationException: The client has sent too many requests within a certain amount of time
	at com.mojang.authlib.yggdrasil.YggdrasilAuthenticationService.makeRequest(YggdrasilAuthenticationService.java:65) ~[YggdrasilAuthenticationService.class:?]
	at com.mojang.authlib.yggdrasil.YggdrasilMinecraftSessionService.fillGameProfile(YggdrasilMinecraftSessionService.java:158) [YggdrasilMinecraftSessionService.class:?]
	at com.mojang.authlib.yggdrasil.YggdrasilMinecraftSessionService$1.load(YggdrasilMinecraftSessionService.java:53) [YggdrasilMinecraftSessionService$1.class:?]
	at com.mojang.authlib.yggdrasil.YggdrasilMinecraftSessionService$1.load(YggdrasilMinecraftSessionService.java:50) [YggdrasilMinecraftSessionService$1.class:?]
	at com.google.common.cache.LocalCache$LoadingValueReference.loadFuture(LocalCache.java:3524) [guava-17.0.jar:?]
	at com.google.common.cache.LocalCache$Segment.loadSync(LocalCache.java:2317) [guava-17.0.jar:?]
	at com.google.common.cache.LocalCache$Segment.lockedGetOrLoad(LocalCache.java:2280) [guava-17.0.jar:?]
	at com.google.common.cache.LocalCache$Segment.get(LocalCache.java:2195) [guava-17.0.jar:?]
	at com.google.common.cache.LocalCache.get(LocalCache.java:3934) [guava-17.0.jar:?]
	at com.google.common.cache.LocalCache.getOrLoad(LocalCache.java:3938) [guava-17.0.jar:?]
	at com.google.common.cache.LocalCache$LocalLoadingCache.get(LocalCache.java:4821) [guava-17.0.jar:?]
	at com.google.common.cache.LocalCache$LocalLoadingCache.getUnchecked(LocalCache.java:4827) [guava-17.0.jar:?]
	at com.mojang.authlib.yggdrasil.YggdrasilMinecraftSessionService.fillProfileProperties(YggdrasilMinecraftSessionService.java:148) [YggdrasilMinecraftSessionService.class:?]
	at net.minecraft.client.resources.SkinManager$3.run(SkinManager.java:138) [SkinManager$3.class:?]
	at java.util.concurrent.Executors$RunnableAdapter.call(Unknown Source) [?:1.8.0_51]
	at java.util.concurrent.FutureTask.run(Unknown Source) [?:1.8.0_51]
	at java.util.concurrent.ThreadPoolExecutor.runWorker(Unknown Source) [?:1.8.0_51]
	at java.util.concurrent.ThreadPoolExecutor$Worker.run(Unknown Source) [?:1.8.0_51]
	at java.lang.Thread.run(Unknown Source) [?:1.8.0_51]
[14:39:41] [Client thread/INFO]: Stopping!
[14:39:41] [Client thread/INFO]: SoundSystem shutting down...
[14:39:41] [Server thread/INFO]: Stopping server
[14:39:41] [Server thread/INFO]: Saving players
[14:39:41] [Server thread/INFO]: Saving worlds
[14:39:41] [Server thread/INFO]: Saving chunks for level 'New World'/Overworld
[14:39:41] [Server thread/INFO]: Saving chunks for level 'New World'/Nether
[14:39:41] [Server thread/INFO]: Saving chunks for level 'New World'/The End
[14:39:41] [Client thread/WARN]: Author: Paul Lamb, www.paulscode.com
[14:39:41] [Client Shutdown Thread/INFO]: Stopping server
[14:39:41] [Client Shutdown Thread/INFO]: Saving players
[14:39:41] [Client Shutdown Thread/INFO]: Saving worlds
[14:39:41] [Client Shutdown Thread/INFO]: Saving chunks for level 'New World'/Overworld
